{"uid":"3eb0b17368f752e3","name":"Get One Variable","fullName":"tests.unit.settings.test_variables.TestVariables#test_get_variable","historyId":"7ea1aa690e7032d65d0f0ad1b726922a","time":{"start":1708242076310,"stop":1708242076327,"duration":17},"description":"This test case gets detail of One Variable in a Facility","descriptionHtml":"<p>This test case gets detail of One Variable in a Facility</p>\n","status":"failed","statusMessage":"AssertionError: 419","statusTrace":"self = <test_variables.TestVariables object at 0x0000019E64C321D0>, data = None\n\n    @allure.title(\"Get One Variable\")\n    @allure.description(\"This test case gets detail of One Variable in a Facility\")\n    @allure.link(\"https://app.clickup.com/t/2uw2yxe\")\n    @pytest.mark.get_variable\n    def test_get_variable(self, data=None):\n>       variables = self.test_get_variables()[\"response\"]\n\ntests\\unit\\settings\\test_variables.py:57: \n_ _ _ _ _ _ _ _ _ _ _ _ _ _ _ _ _ _ _ _ _ _ _ _ _ _ _ _ _ _ _ _ _ _ _ _ _ _ _ _ _ _ _ _ _ _ _ _ _ _ _ _ _ _ _ _ _ _ _ _ _ _ _ _ _ _ _ _ _ _ _ _ _ _ _ _ _ _ _ _ _ _ _ _ _ _ _ _ _ _ _\ntests\\unit\\settings\\test_variables.py:49: in test_get_variables\n    status_200(response)\n_ _ _ _ _ _ _ _ _ _ _ _ _ _ _ _ _ _ _ _ _ _ _ _ _ _ _ _ _ _ _ _ _ _ _ _ _ _ _ _ _ _ _ _ _ _ _ _ _ _ _ _ _ _ _ _ _ _ _ _ _ _ _ _ _ _ _ _ _ _ _ _ _ _ _ _ _ _ _ _ _ _ _ _ _ _ _ _ _ _ _\n\nresponse = <Response [419]>\n\n    def status_200(response):\n>       assert response.status_code == 200, response.text\nE       AssertionError: 419\n\nutil\\validate_response.py:3: AssertionError","flaky":false,"newFailed":false,"newBroken":false,"newPassed":false,"retriesCount":0,"retriesStatusChange":false,"beforeStages":[{"name":"login","time":{"start":1708241653778,"stop":1708241654178,"duration":400},"status":"passed","steps":[],"attachments":[],"parameters":[],"attachmentsCount":0,"shouldDisplayMessage":false,"hasContent":false,"attachmentStep":false,"stepsCount":0},{"name":"get_facility","time":{"start":1708241654178,"stop":1708241655505,"duration":1327},"status":"passed","steps":[],"attachments":[],"parameters":[],"attachmentsCount":0,"shouldDisplayMessage":false,"hasContent":false,"attachmentStep":false,"stepsCount":0}],"afterStages":[],"labels":[{"name":"tag","value":"get_variable"},{"name":"tag","value":"variables"},{"name":"tag","value":"unit"},{"name":"parentSuite","value":"tests.unit.settings"},{"name":"suite","value":"test_variables"},{"name":"subSuite","value":"TestVariables"},{"name":"host","value":"DESKTOP-ESU2KLG"},{"name":"thread","value":"12596-MainThread"},{"name":"framework","value":"pytest"},{"name":"language","value":"cpython3"},{"name":"package","value":"tests.unit.settings.test_variables"},{"name":"resultFormat","value":"allure2"}],"parameters":[],"links":[{"name":"https://app.clickup.com/t/2uw2yxe","url":"https://app.clickup.com/t/2uw2yxe","type":"link"}],"hidden":true,"retry":true,"extra":{"categories":[],"tags":["get_variable","variables","unit"]},"source":"3eb0b17368f752e3.json","parameterValues":[]}